{"level":"warn","ts":"2026-06-12T20:02:32.864095+0800","caller":"embed/config.go:1209","msg":"Running http and grpc server on single port. This is not recommended for production."}
{"level":"info","ts":"2026-06-12T20:02:32.864210+0800","caller":"etcdmain/etcd.go:64","msg":"Running: ","args":["etcd","--name=etcd-demo","--data-dir=/Users/os/Program/Program/Gateway_Framework/nexus-micro/examples/rpc-demo/logs/etcd-data","--listen-client-urls=http://0.0.0.0:2379","--advertise-client-urls=http://localhost:2379","--listen-peer-urls=http://0.0.0.0:2380","--initial-advertise-peer-urls=http://localhost:2380","--initial-cluster=etcd-demo=http://localhost:2380"]}
{"level":"info","ts":"2026-06-12T20:02:32.864225+0800","caller":"etcdmain/etcd.go:91","msg":"failed to detect default host","error":"default host not supported on darwin_arm64"}
{"level":"info","ts":"2026-06-12T20:02:32.864307+0800","caller":"etcdmain/etcd.go:107","msg":"server has already been initialized","data-dir":"/Users/os/Program/Program/Gateway_Framework/nexus-micro/examples/rpc-demo/logs/etcd-data","dir-type":"member"}
{"level":"warn","ts":"2026-06-12T20:02:32.864369+0800","caller":"embed/config.go:1209","msg":"Running http and grpc server on single port. This is not recommended for production."}
{"level":"info","ts":"2026-06-12T20:02:32.864378+0800","caller":"embed/etcd.go:138","msg":"configuring peer listeners","listen-peer-urls":["http://0.0.0.0:2380"]}
{"level":"info","ts":"2026-06-12T20:02:32.864533+0800","caller":"embed/etcd.go:146","msg":"configuring client listeners","listen-client-urls":["http://0.0.0.0:2379"]}
{"level":"info","ts":"2026-06-12T20:02:32.864612+0800","caller":"embed/etcd.go:323","msg":"starting an etcd server","etcd-version":"3.6.5","git-sha":"a0614505a","go-version":"go1.25.1","go-os":"darwin","go-arch":"arm64","max-cpu-set":8,"max-cpu-available":8,"member-initialized":true,"name":"etcd-demo","data-dir":"/Users/os/Program/Program/Gateway_Framework/nexus-micro/examples/rpc-demo/logs/etcd-data","wal-dir":"","wal-dir-dedicated":"","member-dir":"/Users/os/Program/Program/Gateway_Framework/nexus-micro/examples/rpc-demo/logs/etcd-data/member","force-new-cluster":false,"heartbeat-interval":"100ms","election-timeout":"1s","initial-election-tick-advance":true,"snapshot-count":10000,"max-wals":5,"max-snapshots":5,"snapshot-catchup-entries":5000,"initial-advertise-peer-urls":["http://localhost:2380"],"listen-peer-urls":["http://0.0.0.0:2380"],"advertise-client-urls":["http://localhost:2379"],"listen-client-urls":["http://0.0.0.0:2379"],"listen-metrics-urls":[],"experimental-local-address":"","cors":["*"],"host-whitelist":["*"],"initial-cluster":"","initial-cluster-state":"new","initial-cluster-token":"","quota-backend-bytes":2147483648,"max-request-bytes":1572864,"max-concurrent-streams":4294967295,"pre-vote":true,"feature-gates":"","initial-corrupt-check":false,"corrupt-check-time-interval":"0s","compact-check-time-interval":"1m0s","auto-compaction-mode":"periodic","auto-compaction-retention":"0s","auto-compaction-interval":"0s","discovery-url":"","discovery-proxy":"","discovery-token":"","discovery-endpoints":"","discovery-dial-timeout":"2s","discovery-request-timeout":"5s","discovery-keepalive-time":"2s","discovery-keepalive-timeout":"6s","discovery-insecure-transport":true,"discovery-insecure-skip-tls-verify":false,"discovery-cert":"","discovery-key":"","discovery-cacert":"","discovery-user":"","downgrade-check-interval":"5s","max-learners":1,"v2-deprecation":"write-only"}
{"level":"info","ts":"2026-06-12T20:02:32.864937+0800","logger":"bbolt","caller":"backend/backend.go:203","msg":"Opening db file (/Users/os/Program/Program/Gateway_Framework/nexus-micro/examples/rpc-demo/logs/etcd-data/member/snap/db) with mode -rw------- and with options: {Timeout: 0s, NoGrowSync: false, NoFreelistSync: false, PreLoadFreelist: false, FreelistType: hashmap, ReadOnly: false, MmapFlags: 0, InitialMmapSize: 10737418240, PageSize: 0, NoSync: false, OpenFile: 0x0, Mlock: false, Logger: 0x14000080318}"}
{"level":"info","ts":"2026-06-12T20:02:32.864990+0800","logger":"bbolt","caller":"bbolt@v1.4.3/db.go:322","msg":"Opening bbolt db (/Users/os/Program/Program/Gateway_Framework/nexus-micro/examples/rpc-demo/logs/etcd-data/member/snap/db) successfully"}
{"level":"info","ts":"2026-06-12T20:02:32.865008+0800","caller":"storage/backend.go:80","msg":"opened backend db","path":"/Users/os/Program/Program/Gateway_Framework/nexus-micro/examples/rpc-demo/logs/etcd-data/member/snap/db","took":"120.583µs"}
{"level":"info","ts":"2026-06-12T20:02:32.865058+0800","caller":"etcdserver/bootstrap.go:220","msg":"restore consistentIndex","index":16}
{"level":"info","ts":"2026-06-12T20:02:32.865131+0800","caller":"etcdserver/bootstrap.go:441","msg":"No snapshot found. Recovering WAL from scratch!"}
{"level":"info","ts":"2026-06-12T20:02:32.865137+0800","caller":"etcdserver/bootstrap.go:232","msg":"recovered v3 backend","backend-size-bytes":98304,"backend-size":"98 kB","backend-size-in-use-bytes":65536,"backend-size-in-use":"66 kB"}
{"level":"info","ts":"2026-06-12T20:02:32.865202+0800","caller":"etcdserver/bootstrap.go:90","msg":"Bootstrapping WAL from snapshot"}
{"level":"info","ts":"2026-06-12T20:02:32.867661+0800","caller":"etcdserver/bootstrap.go:599","msg":"restarting local member","cluster-id":"cdf818194e3a8c32","local-member-id":"8e9e05c52164694d","commit-index":16}
{"level":"info","ts":"2026-06-12T20:02:32.867668+0800","caller":"etcdserver/bootstrap.go:94","msg":"bootstrapping cluster"}
{"level":"info","ts":"2026-06-12T20:02:32.867745+0800","caller":"etcdserver/bootstrap.go:101","msg":"bootstrapping storage"}
{"level":"info","ts":"2026-06-12T20:02:32.867782+0800","caller":"membership/cluster.go:605","msg":"Detected member only in v3store but missing in v2store","member":"{ID:8e9e05c52164694d RaftAttributes:{PeerURLs:[http://localhost:2380] IsLearner:false} Attributes:{Name:etcd-demo ClientURLs:[http://localhost:2379]}}"}
{"level":"info","ts":"2026-06-12T20:02:32.867798+0800","caller":"api/capability.go:76","msg":"enabled capabilities for version","cluster-version":"3.6"}
{"level":"info","ts":"2026-06-12T20:02:32.867804+0800","caller":"membership/cluster.go:297","msg":"recovered/added member from store","cluster-id":"cdf818194e3a8c32","local-member-id":"8e9e05c52164694d","recovered-remote-peer-id":"8e9e05c52164694d","recovered-remote-peer-urls":["http://localhost:2380"],"recovered-remote-peer-is-learner":false}
{"level":"info","ts":"2026-06-12T20:02:32.867809+0800","caller":"membership/cluster.go:307","msg":"set cluster version from store","cluster-version":"3.6"}
{"level":"info","ts":"2026-06-12T20:02:32.867814+0800","caller":"etcdserver/bootstrap.go:109","msg":"bootstrapping raft"}
{"level":"info","ts":"2026-06-12T20:02:32.867820+0800","caller":"etcdserver/server.go:312","msg":"bootstrap successfully"}
{"level":"info","ts":"2026-06-12T20:02:32.867841+0800","logger":"raft","caller":"v3@v3.6.0/raft.go:1981","msg":"8e9e05c52164694d switched to configuration voters=()"}
{"level":"info","ts":"2026-06-12T20:02:32.867863+0800","logger":"raft","caller":"v3@v3.6.0/raft.go:897","msg":"8e9e05c52164694d became follower at term 2"}
{"level":"info","ts":"2026-06-12T20:02:32.867868+0800","logger":"raft","caller":"v3@v3.6.0/raft.go:493","msg":"newRaft 8e9e05c52164694d [peers: [], term: 2, commit: 16, applied: 0, lastindex: 16, lastterm: 2]"}
{"level":"warn","ts":"2026-06-12T20:02:32.877137+0800","caller":"auth/store.go:1135","msg":"simple token is not cryptographically signed"}
{"level":"info","ts":"2026-06-12T20:02:32.885088+0800","caller":"mvcc/kvstore.go:408","msg":"kvstore restored","current-rev":8}
{"level":"info","ts":"2026-06-12T20:02:32.902003+0800","caller":"storage/quota.go:93","msg":"enabled backend quota with default value","quota-name":"v3-applier","quota-size-bytes":2147483648,"quota-size":"2.1 GB"}
{"level":"info","ts":"2026-06-12T20:02:32.902043+0800","caller":"etcdserver/server.go:589","msg":"starting etcd server","local-member-id":"8e9e05c52164694d","local-server-version":"3.6.5","cluster-id":"cdf818194e3a8c32","cluster-version":"3.6"}
{"level":"info","ts":"2026-06-12T20:02:32.902081+0800","caller":"etcdserver/server.go:483","msg":"started as single-node; fast-forwarding election ticks","local-member-id":"8e9e05c52164694d","forward-ticks":9,"forward-duration":"900ms","election-ticks":10,"election-timeout":"1s"}
{"level":"info","ts":"2026-06-12T20:02:32.902083+0800","caller":"fileutil/purge.go:49","msg":"started to purge file","dir":"/Users/os/Program/Program/Gateway_Framework/nexus-micro/examples/rpc-demo/logs/etcd-data/member/snap","suffix":"snap.db","max":5,"interval":"30s"}
{"level":"info","ts":"2026-06-12T20:02:32.902106+0800","caller":"fileutil/purge.go:49","msg":"started to purge file","dir":"/Users/os/Program/Program/Gateway_Framework/nexus-micro/examples/rpc-demo/logs/etcd-data/member/snap","suffix":"snap","max":5,"interval":"30s"}
{"level":"info","ts":"2026-06-12T20:02:32.902112+0800","caller":"fileutil/purge.go:49","msg":"started to purge file","dir":"/Users/os/Program/Program/Gateway_Framework/nexus-micro/examples/rpc-demo/logs/etcd-data/member/wal","suffix":"wal","max":5,"interval":"30s"}
{"level":"warn","ts":"2026-06-12T20:02:32.902093+0800","caller":"etcdserver/metrics.go:205","msg":"failed to get file descriptor usage","error":"cannot get FDUsage on darwin"}
{"level":"info","ts":"2026-06-12T20:02:32.902158+0800","caller":"embed/etcd.go:292","msg":"now serving peer/client/metrics","local-member-id":"8e9e05c52164694d","initial-advertise-peer-urls":["http://localhost:2380"],"listen-peer-urls":["http://0.0.0.0:2380"],"advertise-client-urls":["http://localhost:2379"],"listen-client-urls":["http://0.0.0.0:2379"],"listen-metrics-urls":[]}
{"level":"info","ts":"2026-06-12T20:02:32.902186+0800","caller":"embed/etcd.go:640","msg":"serving peer traffic","address":"[::]:2380"}
{"level":"info","ts":"2026-06-12T20:02:32.902231+0800","caller":"embed/etcd.go:611","msg":"cmux::serve","address":"[::]:2380"}
{"level":"info","ts":"2026-06-12T20:02:32.902190+0800","logger":"raft","caller":"v3@v3.6.0/raft.go:1981","msg":"8e9e05c52164694d switched to configuration voters=(10276657743932975437)"}
{"level":"info","ts":"2026-06-12T20:02:32.902693+0800","caller":"membership/cluster.go:433","msg":"ignore already added member","cluster-id":"cdf818194e3a8c32","local-member-id":"8e9e05c52164694d","added-peer-id":"8e9e05c52164694d","added-peer-peer-urls":["http://localhost:2380"],"added-peer-is-learner":false}
{"level":"info","ts":"2026-06-12T20:02:32.902951+0800","caller":"membership/cluster.go:674","msg":"updated cluster version","cluster-id":"cdf818194e3a8c32","local-member-id":"8e9e05c52164694d","from":"3.6","to":"3.6"}
{"level":"info","ts":"2026-06-12T20:02:33.468925+0800","logger":"raft","caller":"v3@v3.6.0/raft.go:988","msg":"8e9e05c52164694d is starting a new election at term 2"}
{"level":"info","ts":"2026-06-12T20:02:33.468975+0800","logger":"raft","caller":"v3@v3.6.0/raft.go:930","msg":"8e9e05c52164694d became pre-candidate at term 2"}
{"level":"info","ts":"2026-06-12T20:02:33.469001+0800","logger":"raft","caller":"v3@v3.6.0/raft.go:1077","msg":"8e9e05c52164694d received MsgPreVoteResp from 8e9e05c52164694d at term 2"}
{"level":"info","ts":"2026-06-12T20:02:33.469009+0800","logger":"raft","caller":"v3@v3.6.0/raft.go:1693","msg":"8e9e05c52164694d has received 1 MsgPreVoteResp votes and 0 vote rejections"}
{"level":"info","ts":"2026-06-12T20:02:33.469020+0800","logger":"raft","caller":"v3@v3.6.0/raft.go:912","msg":"8e9e05c52164694d became candidate at term 3"}
{"level":"info","ts":"2026-06-12T20:02:33.504831+0800","logger":"raft","caller":"v3@v3.6.0/raft.go:1077","msg":"8e9e05c52164694d received MsgVoteResp from 8e9e05c52164694d at term 3"}
{"level":"info","ts":"2026-06-12T20:02:33.504883+0800","logger":"raft","caller":"v3@v3.6.0/raft.go:1693","msg":"8e9e05c52164694d has received 1 MsgVoteResp votes and 0 vote rejections"}
{"level":"info","ts":"2026-06-12T20:02:33.504898+0800","logger":"raft","caller":"v3@v3.6.0/raft.go:970","msg":"8e9e05c52164694d became leader at term 3"}
{"level":"info","ts":"2026-06-12T20:02:33.504905+0800","logger":"raft","caller":"v3@v3.6.0/node.go:370","msg":"raft.node: 8e9e05c52164694d elected leader 8e9e05c52164694d at term 3"}
{"level":"info","ts":"2026-06-12T20:02:33.508306+0800","caller":"etcdserver/server.go:1820","msg":"published local member to cluster through raft","local-member-id":"8e9e05c52164694d","local-member-attributes":"{Name:etcd-demo ClientURLs:[http://localhost:2379]}","cluster-id":"cdf818194e3a8c32","publish-timeout":"7s"}
{"level":"info","ts":"2026-06-12T20:02:33.508327+0800","caller":"embed/serve.go:138","msg":"ready to serve client requests"}
{"level":"info","ts":"2026-06-12T20:02:33.508407+0800","caller":"etcdmain/main.go:44","msg":"notifying init daemon"}
{"level":"info","ts":"2026-06-12T20:02:33.508425+0800","caller":"etcdmain/main.go:50","msg":"successfully notified init daemon"}
{"level":"info","ts":"2026-06-12T20:02:33.508570+0800","caller":"v3rpc/health.go:63","msg":"grpc service status changed","service":"","status":"SERVING"}
{"level":"info","ts":"2026-06-12T20:02:33.509066+0800","caller":"embed/serve.go:220","msg":"serving client traffic insecurely; this is strongly discouraged!","traffic":"grpc+http","address":"[::]:2379"}
